Build started 11-Mar-15 12:18:23 AM.
     1>Project "C:\Users\User\Desktop\TaskSotong\main\Parser\Parser\Parser.vcxproj" on node 2 (Build target(s)).
     1>ClCompile:
         C:\Program Files (x86)\Microsoft Visual Studio 11.0\VC\bin\CL.exe /c /ZI /nologo /W3 /WX- /Od /Oy- /D _MBCS /Gm /EHsc /RTC1 /MDd /GS /fp:precise /Zc:wchar_t /Zc:forScope /Fo"Debug\\" /Fd"Debug\vc110.pdb" /Gd /TP /analyze- /errorReport:prompt Parser.cpp Source.cpp paraList.cpp
         paraList.cpp
     1>c:\users\user\desktop\tasksotong\main\task\task\task.h(21): error C2146: syntax error : missing ';' before identifier '_taskStart'
     1>c:\users\user\desktop\tasksotong\main\task\task\task.h(21): error C4430: missing type specifier - int assumed. Note: C++ does not support default-int
     1>c:\users\user\desktop\tasksotong\main\task\task\task.h(22): error C2146: syntax error : missing ';' before identifier '_taskEnd'
     1>c:\users\user\desktop\tasksotong\main\task\task\task.h(22): error C4430: missing type specifier - int assumed. Note: C++ does not support default-int
     1>c:\users\user\desktop\tasksotong\main\task\task\task.h(22): error C2086: 'int Task::Timeframe' : redefinition
                 c:\users\user\desktop\tasksotong\main\task\task\task.h(21) : see declaration of 'Task::Timeframe'
     1>c:\users\user\desktop\tasksotong\main\task\task\task.h(23): error C2146: syntax error : missing ';' before identifier '_taskDeadline'
     1>c:\users\user\desktop\tasksotong\main\task\task\task.h(23): error C4430: missing type specifier - int assumed. Note: C++ does not support default-int
     1>c:\users\user\desktop\tasksotong\main\task\task\task.h(23): error C2086: 'int Task::Timeframe' : redefinition
                 c:\users\user\desktop\tasksotong\main\task\task\task.h(21) : see declaration of 'Task::Timeframe'
         Source.cpp
     1>c:\users\user\desktop\tasksotong\main\task\task\task.h(21): error C2146: syntax error : missing ';' before identifier '_taskStart'
     1>c:\users\user\desktop\tasksotong\main\task\task\task.h(21): error C4430: missing type specifier - int assumed. Note: C++ does not support default-int
     1>c:\users\user\desktop\tasksotong\main\task\task\task.h(22): error C2146: syntax error : missing ';' before identifier '_taskEnd'
     1>c:\users\user\desktop\tasksotong\main\task\task\task.h(22): error C4430: missing type specifier - int assumed. Note: C++ does not support default-int
     1>c:\users\user\desktop\tasksotong\main\task\task\task.h(22): error C2086: 'int Task::Timeframe' : redefinition
                 c:\users\user\desktop\tasksotong\main\task\task\task.h(21) : see declaration of 'Task::Timeframe'
     1>c:\users\user\desktop\tasksotong\main\task\task\task.h(23): error C2146: syntax error : missing ';' before identifier '_taskDeadline'
     1>c:\users\user\desktop\tasksotong\main\task\task\task.h(23): error C4430: missing type specifier - int assumed. Note: C++ does not support default-int
     1>c:\users\user\desktop\tasksotong\main\task\task\task.h(23): error C2086: 'int Task::Timeframe' : redefinition
                 c:\users\user\desktop\tasksotong\main\task\task\task.h(21) : see declaration of 'Task::Timeframe'
         Parser.cpp
     1>c:\users\user\desktop\tasksotong\main\task\task\task.h(21): error C2146: syntax error : missing ';' before identifier '_taskStart'
     1>c:\users\user\desktop\tasksotong\main\task\task\task.h(21): error C4430: missing type specifier - int assumed. Note: C++ does not support default-int
     1>c:\users\user\desktop\tasksotong\main\task\task\task.h(22): error C2146: syntax error : missing ';' before identifier '_taskEnd'
     1>c:\users\user\desktop\tasksotong\main\task\task\task.h(22): error C4430: missing type specifier - int assumed. Note: C++ does not support default-int
     1>c:\users\user\desktop\tasksotong\main\task\task\task.h(22): error C2086: 'int Task::Timeframe' : redefinition
                 c:\users\user\desktop\tasksotong\main\task\task\task.h(21) : see declaration of 'Task::Timeframe'
     1>c:\users\user\desktop\tasksotong\main\task\task\task.h(23): error C2146: syntax error : missing ';' before identifier '_taskDeadline'
     1>c:\users\user\desktop\tasksotong\main\task\task\task.h(23): error C4430: missing type specifier - int assumed. Note: C++ does not support default-int
     1>c:\users\user\desktop\tasksotong\main\task\task\task.h(23): error C2086: 'int Task::Timeframe' : redefinition
                 c:\users\user\desktop\tasksotong\main\task\task\task.h(21) : see declaration of 'Task::Timeframe'
         Generating Code...
     1>Done Building Project "C:\Users\User\Desktop\TaskSotong\main\Parser\Parser\Parser.vcxproj" (Build target(s)) -- FAILED.

Build FAILED.

Time Elapsed 00:00:01.35
