Build started 11/3/2015 4:46:19 PM.
     1>Project "C:\Users\Liu Gantian\Desktop\TaskSotong\main\Logic\Logic\Logic.vcxproj" on node 2 (Build target(s)).
     1>ClCompile:
         C:\Program Files (x86)\Microsoft Visual Studio 12.0\VC\bin\CL.exe /c /ZI /nologo /W3 /WX- /sdl /Od /Oy- /D _MBCS /Gm /EHsc /RTC1 /MDd /GS /fp:precise /Zc:wchar_t /Zc:forScope /Fo"Debug\\" /Fd"Debug\vc120.pdb" /Gd /TP /analyze- /errorReport:prompt Logic.cpp
         Logic.cpp
     1>c:\users\liu gantian\desktop\tasksotong\main\logic\logic\logic.h(43): error C2061: syntax error : identifier 'paraList'
     1>c:\users\liu gantian\desktop\tasksotong\main\logic\logic\logic.h(44): error C2061: syntax error : identifier 'paraList'
     1>c:\users\liu gantian\desktop\tasksotong\main\logic\logic\logic.cpp(22): error C2065: 'paraList' : undeclared identifier
     1>c:\users\liu gantian\desktop\tasksotong\main\logic\logic\logic.cpp(22): error C2146: syntax error : missing ')' before identifier 'parameterList'
     1>c:\users\liu gantian\desktop\tasksotong\main\logic\logic\logic.cpp(22): error C2059: syntax error : ')'
     1>c:\users\liu gantian\desktop\tasksotong\main\logic\logic\logic.cpp(22): error C2143: syntax error : missing ';' before '{'
     1>c:\users\liu gantian\desktop\tasksotong\main\logic\logic\logic.cpp(22): error C2447: '{' : missing function header (old-style formal list?)
     1>c:\users\liu gantian\desktop\tasksotong\main\logic\logic\logic.cpp(27): error C2065: 'paraList' : undeclared identifier
     1>c:\users\liu gantian\desktop\tasksotong\main\logic\logic\logic.cpp(27): error C2146: syntax error : missing ')' before identifier 'parameterList'
     1>c:\users\liu gantian\desktop\tasksotong\main\logic\logic\logic.cpp(27): error C2059: syntax error : ')'
     1>c:\users\liu gantian\desktop\tasksotong\main\logic\logic\logic.cpp(27): error C2143: syntax error : missing ';' before '{'
     1>c:\users\liu gantian\desktop\tasksotong\main\logic\logic\logic.cpp(27): error C2447: '{' : missing function header (old-style formal list?)
     1>c:\users\liu gantian\desktop\tasksotong\main\logic\logic\logic.cpp(40): error C2143: syntax error : missing ';' before '}'
     1>c:\users\liu gantian\desktop\tasksotong\main\logic\logic\logic.cpp(40): warning C4390: ';' : empty controlled statement found; is this the intent?
     1>Done Building Project "C:\Users\Liu Gantian\Desktop\TaskSotong\main\Logic\Logic\Logic.vcxproj" (Build target(s)) -- FAILED.

Build FAILED.

Time Elapsed 00:00:01.79
